TN:
SF:/Users/bruce.zhang/Documents/myself/unittest/src/components/Counter.vue
FN:24,(anonymous_0)
FNF:1
FNH:1
FNDA:1,(anonymous_0)
DA:14,2
DA:21,1
DA:24,1
DA:25,1
LF:4
LH:4
BRF:0
BRH:0
end_of_record
TN:
SF:/Users/bruce.zhang/Documents/myself/unittest/src/components/HelloWorld.vue
FNF:0
FNH:0
DA:91,1
LF:1
LH:1
BRF:0
BRH:0
end_of_record
TN:
SF:/Users/bruce.zhang/Documents/myself/unittest/src/App.vue
FNF:0
FNH:0
LF:0
LH:0
BRF:0
BRH:0
end_of_record
TN:
SF:/Users/bruce.zhang/Documents/myself/unittest/src/router/index.js
FNF:0
FNH:0
DA:5,1
LF:1
LH:1
BRF:0
BRH:0
end_of_record
